[0.016s] Invoking command in '/home/jorgebs/Desktop/MSR/robot_description/build/robot_description': CMAKE_PREFIX_PATH=${CMAKE_PREFIX_PATH}:/opt/ros/jazzy DEBUGINFOD_URLS=https://debuginfod.ubuntu.com /usr/bin/cmake --build /home/jorgebs/Desktop/MSR/robot_description/build/robot_description -- -j16 -l16
[0.075s] Invoked command in '/home/jorgebs/Desktop/MSR/robot_description/build/robot_description' returned '0': CMAKE_PREFIX_PATH=${CMAKE_PREFIX_PATH}:/opt/ros/jazzy DEBUGINFOD_URLS=https://debuginfod.ubuntu.com /usr/bin/cmake --build /home/jorgebs/Desktop/MSR/robot_description/build/robot_description -- -j16 -l16
[0.090s] Invoking command in '/home/jorgebs/Desktop/MSR/robot_description/build/robot_description': CMAKE_PREFIX_PATH=${CMAKE_PREFIX_PATH}:/opt/ros/jazzy DEBUGINFOD_URLS=https://debuginfod.ubuntu.com /usr/bin/cmake --install /home/jorgebs/Desktop/MSR/robot_description/build/robot_description
[0.103s] -- Install configuration: ""
[0.104s] -- Up-to-date: /home/jorgebs/Desktop/MSR/robot_description/install/robot_description/share/robot_description/launch
[0.104s] -- Up-to-date: /home/jorgebs/Desktop/MSR/robot_description/install/robot_description/share/robot_description/launch/robot_state_publisher.launch.py
[0.104s] -- Up-to-date: /home/jorgebs/Desktop/MSR/robot_description/install/robot_description/share/robot_description/meshes
[0.104s] -- Up-to-date: /home/jorgebs/Desktop/MSR/robot_description/install/robot_description/share/robot_description/meshes/dae
[0.104s] -- Up-to-date: /home/jorgebs/Desktop/MSR/robot_description/install/robot_description/share/robot_description/urdf
[0.104s] -- Up-to-date: /home/jorgebs/Desktop/MSR/robot_description/install/robot_description/share/robot_description/urdf/base
[0.104s] -- Up-to-date: /home/jorgebs/Desktop/MSR/robot_description/install/robot_description/share/robot_description/urdf/base/robot_base.urdf.xacro
[0.105s] -- Up-to-date: /home/jorgebs/Desktop/MSR/robot_description/install/robot_description/share/robot_description/urdf/wheels
[0.105s] -- Up-to-date: /home/jorgebs/Desktop/MSR/robot_description/install/robot_description/share/robot_description/rviz
[0.105s] -- Up-to-date: /home/jorgebs/Desktop/MSR/robot_description/install/robot_description/share/robot_description/robots
[0.105s] -- Installing: /home/jorgebs/Desktop/MSR/robot_description/install/robot_description/share/robot_description/robots/robot.urdf.xacro
[0.105s] -- Up-to-date: /home/jorgebs/Desktop/MSR/robot_description/install/robot_description/share/robot_description/config
[0.105s] -- Up-to-date: /home/jorgebs/Desktop/MSR/robot_description/install/robot_description/share/ament_index/resource_index/package_run_dependencies/robot_description
[0.105s] -- Up-to-date: /home/jorgebs/Desktop/MSR/robot_description/install/robot_description/share/ament_index/resource_index/parent_prefix_path/robot_description
[0.105s] -- Up-to-date: /home/jorgebs/Desktop/MSR/robot_description/install/robot_description/share/robot_description/environment/ament_prefix_path.sh
[0.105s] -- Up-to-date: /home/jorgebs/Desktop/MSR/robot_description/install/robot_description/share/robot_description/environment/ament_prefix_path.dsv
[0.105s] -- Up-to-date: /home/jorgebs/Desktop/MSR/robot_description/install/robot_description/share/robot_description/environment/path.sh
[0.106s] -- Up-to-date: /home/jorgebs/Desktop/MSR/robot_description/install/robot_description/share/robot_description/environment/path.dsv
[0.106s] -- Up-to-date: /home/jorgebs/Desktop/MSR/robot_description/install/robot_description/share/robot_description/local_setup.bash
[0.106s] -- Up-to-date: /home/jorgebs/Desktop/MSR/robot_description/install/robot_description/share/robot_description/local_setup.sh
[0.106s] -- Up-to-date: /home/jorgebs/Desktop/MSR/robot_description/install/robot_description/share/robot_description/local_setup.zsh
[0.106s] -- Up-to-date: /home/jorgebs/Desktop/MSR/robot_description/install/robot_description/share/robot_description/local_setup.dsv
[0.106s] -- Up-to-date: /home/jorgebs/Desktop/MSR/robot_description/install/robot_description/share/robot_description/package.dsv
[0.106s] -- Up-to-date: /home/jorgebs/Desktop/MSR/robot_description/install/robot_description/share/ament_index/resource_index/packages/robot_description
[0.106s] -- Up-to-date: /home/jorgebs/Desktop/MSR/robot_description/install/robot_description/share/robot_description/cmake/robot_descriptionConfig.cmake
[0.106s] -- Up-to-date: /home/jorgebs/Desktop/MSR/robot_description/install/robot_description/share/robot_description/cmake/robot_descriptionConfig-version.cmake
[0.106s] -- Up-to-date: /home/jorgebs/Desktop/MSR/robot_description/install/robot_description/share/robot_description/package.xml
[0.107s] Invoked command in '/home/jorgebs/Desktop/MSR/robot_description/build/robot_description' returned '0': CMAKE_PREFIX_PATH=${CMAKE_PREFIX_PATH}:/opt/ros/jazzy DEBUGINFOD_URLS=https://debuginfod.ubuntu.com /usr/bin/cmake --install /home/jorgebs/Desktop/MSR/robot_description/build/robot_description
